D:\Workspace\Users\sziegler\GitHubRepos\Test Projects\DNCwithMVCandAngular\.NetCoreMVCwithAngular\DNCMVCwithAngular Wireframe\client\dist\out-tsc\app\app.component.js
D:\Workspace\Users\sziegler\GitHubRepos\Test Projects\DNCwithMVCandAngular\.NetCoreMVCwithAngular\DNCMVCwithAngular Wireframe\client\dist\out-tsc\app\app.component.js.map
D:\Workspace\Users\sziegler\GitHubRepos\Test Projects\DNCwithMVCandAngular\.NetCoreMVCwithAngular\DNCMVCwithAngular Wireframe\client\dist\out-tsc\app\shared\Order.js
D:\Workspace\Users\sziegler\GitHubRepos\Test Projects\DNCwithMVCandAngular\.NetCoreMVCwithAngular\DNCMVCwithAngular Wireframe\client\dist\out-tsc\app\shared\Order.js.map
D:\Workspace\Users\sziegler\GitHubRepos\Test Projects\DNCwithMVCandAngular\.NetCoreMVCwithAngular\DNCMVCwithAngular Wireframe\client\dist\out-tsc\app\shared\Product.js
D:\Workspace\Users\sziegler\GitHubRepos\Test Projects\DNCwithMVCandAngular\.NetCoreMVCwithAngular\DNCMVCwithAngular Wireframe\client\dist\out-tsc\app\shared\Product.js.map
D:\Workspace\Users\sziegler\GitHubRepos\Test Projects\DNCwithMVCandAngular\.NetCoreMVCwithAngular\DNCMVCwithAngular Wireframe\client\dist\out-tsc\app\services\store.service.js
D:\Workspace\Users\sziegler\GitHubRepos\Test Projects\DNCwithMVCandAngular\.NetCoreMVCwithAngular\DNCMVCwithAngular Wireframe\client\dist\out-tsc\app\services\store.service.js.map
D:\Workspace\Users\sziegler\GitHubRepos\Test Projects\DNCwithMVCandAngular\.NetCoreMVCwithAngular\DNCMVCwithAngular Wireframe\client\dist\out-tsc\app\views\productListView.component.js
D:\Workspace\Users\sziegler\GitHubRepos\Test Projects\DNCwithMVCandAngular\.NetCoreMVCwithAngular\DNCMVCwithAngular Wireframe\client\dist\out-tsc\app\views\productListView.component.js.map
D:\Workspace\Users\sziegler\GitHubRepos\Test Projects\DNCwithMVCandAngular\.NetCoreMVCwithAngular\DNCMVCwithAngular Wireframe\client\dist\out-tsc\app\views\cartView.component.js
D:\Workspace\Users\sziegler\GitHubRepos\Test Projects\DNCwithMVCandAngular\.NetCoreMVCwithAngular\DNCMVCwithAngular Wireframe\client\dist\out-tsc\app\views\cartView.component.js.map
D:\Workspace\Users\sziegler\GitHubRepos\Test Projects\DNCwithMVCandAngular\.NetCoreMVCwithAngular\DNCMVCwithAngular Wireframe\client\dist\out-tsc\app\pages\loginPage.component.js
D:\Workspace\Users\sziegler\GitHubRepos\Test Projects\DNCwithMVCandAngular\.NetCoreMVCwithAngular\DNCMVCwithAngular Wireframe\client\dist\out-tsc\app\pages\loginPage.component.js.map
D:\Workspace\Users\sziegler\GitHubRepos\Test Projects\DNCwithMVCandAngular\.NetCoreMVCwithAngular\DNCMVCwithAngular Wireframe\client\dist\out-tsc\app\pages\shopPage.component.js
D:\Workspace\Users\sziegler\GitHubRepos\Test Projects\DNCwithMVCandAngular\.NetCoreMVCwithAngular\DNCMVCwithAngular Wireframe\client\dist\out-tsc\app\pages\shopPage.component.js.map
D:\Workspace\Users\sziegler\GitHubRepos\Test Projects\DNCwithMVCandAngular\.NetCoreMVCwithAngular\DNCMVCwithAngular Wireframe\client\dist\out-tsc\app\router\index.js
D:\Workspace\Users\sziegler\GitHubRepos\Test Projects\DNCwithMVCandAngular\.NetCoreMVCwithAngular\DNCMVCwithAngular Wireframe\client\dist\out-tsc\app\router\index.js.map
D:\Workspace\Users\sziegler\GitHubRepos\Test Projects\DNCwithMVCandAngular\.NetCoreMVCwithAngular\DNCMVCwithAngular Wireframe\client\dist\out-tsc\app\services\authActivator.service.js
D:\Workspace\Users\sziegler\GitHubRepos\Test Projects\DNCwithMVCandAngular\.NetCoreMVCwithAngular\DNCMVCwithAngular Wireframe\client\dist\out-tsc\app\services\authActivator.service.js.map
D:\Workspace\Users\sziegler\GitHubRepos\Test Projects\DNCwithMVCandAngular\.NetCoreMVCwithAngular\DNCMVCwithAngular Wireframe\client\dist\out-tsc\app\app.module.js
D:\Workspace\Users\sziegler\GitHubRepos\Test Projects\DNCwithMVCandAngular\.NetCoreMVCwithAngular\DNCMVCwithAngular Wireframe\client\dist\out-tsc\app\app.module.js.map
D:\Workspace\Users\sziegler\GitHubRepos\Test Projects\DNCwithMVCandAngular\.NetCoreMVCwithAngular\DNCMVCwithAngular Wireframe\client\dist\out-tsc\environments\environment.js
D:\Workspace\Users\sziegler\GitHubRepos\Test Projects\DNCwithMVCandAngular\.NetCoreMVCwithAngular\DNCMVCwithAngular Wireframe\client\dist\out-tsc\environments\environment.js.map
D:\Workspace\Users\sziegler\GitHubRepos\Test Projects\DNCwithMVCandAngular\.NetCoreMVCwithAngular\DNCMVCwithAngular Wireframe\client\dist\out-tsc\main.js
D:\Workspace\Users\sziegler\GitHubRepos\Test Projects\DNCwithMVCandAngular\.NetCoreMVCwithAngular\DNCMVCwithAngular Wireframe\client\dist\out-tsc\main.js.map
D:\Workspace\Users\sziegler\GitHubRepos\Test Projects\DNCwithMVCandAngular\.NetCoreMVCwithAngular\DNCMVCwithAngular Wireframe\client\dist\out-tsc\polyfills.js
D:\Workspace\Users\sziegler\GitHubRepos\Test Projects\DNCwithMVCandAngular\.NetCoreMVCwithAngular\DNCMVCwithAngular Wireframe\client\dist\out-tsc\polyfills.js.map
D:\Workspace\Users\sziegler\GitHubRepos\Test Projects\DNCwithMVCandAngular\.NetCoreMVCwithAngular\DNCMVCwithAngular Wireframe\client\dist\out-tsc\app\pages\checkout.component.js
D:\Workspace\Users\sziegler\GitHubRepos\Test Projects\DNCwithMVCandAngular\.NetCoreMVCwithAngular\DNCMVCwithAngular Wireframe\client\dist\out-tsc\app\pages\checkout.component.js.map
D:\Workspace\Users\sziegler\GitHubRepos\Test Projects\DNCwithMVCandAngular\.NetCoreMVCwithAngular\DNCMVCwithAngular Wireframe\client\dist\out-tsc\environments\environment.prod.js
D:\Workspace\Users\sziegler\GitHubRepos\Test Projects\DNCwithMVCandAngular\.NetCoreMVCwithAngular\DNCMVCwithAngular Wireframe\client\dist\out-tsc\environments\environment.prod.js.map
